[13-Mar-2025 00:15:06 UTC] PHP Fatal error:  Out of memory (allocated 33554432) (tried to allocate 2097152 bytes) in /workspaces/UX221Assignment3/.wordpress/wp-content/plugins/ecommerce-product-catalog/theme-product_adder_support.php on line 270
[13-Mar-2025 00:15:06 UTC] PHP Fatal error:  Uncaught Error: Call to undefined function ic_products_count() in /workspaces/UX221Assignment3/.wordpress/wp-content/plugins/ecommerce-product-catalog/includes/tracking.php:117
Stack trace:
#0 /workspaces/UX221Assignment3/.wordpress/wp-content/plugins/ecommerce-product-catalog/includes/tracking.php(551): IC_EPC_Tracking->setup_data()
#1 /workspaces/UX221Assignment3/.wordpress/wp-content/plugins/ecommerce-product-catalog/includes/tracking.php(481): IC_EPC_Tracking->send_paused_checkin(Array, true)
#2 [internal function]: IC_EPC_Tracking->fatal()
#3 {main}
  thrown in /workspaces/UX221Assignment3/.wordpress/wp-content/plugins/ecommerce-product-catalog/includes/tracking.php on line 117
[13-Mar-2025 00:15:08 UTC] PHP Fatal error:  Out of memory (allocated 31457280) (tried to allocate 2097152 bytes) in /workspaces/UX221Assignment3/.wordpress/wp-content/plugins/ecommerce-product-catalog/theme-product_adder_support.php on line 273
[13-Mar-2025 00:15:08 UTC] PHP Fatal error:  Uncaught Error: Call to undefined function ic_products_count() in /workspaces/UX221Assignment3/.wordpress/wp-content/plugins/ecommerce-product-catalog/includes/tracking.php:117
Stack trace:
#0 /workspaces/UX221Assignment3/.wordpress/wp-content/plugins/ecommerce-product-catalog/includes/tracking.php(551): IC_EPC_Tracking->setup_data()
#1 /workspaces/UX221Assignment3/.wordpress/wp-content/plugins/ecommerce-product-catalog/includes/tracking.php(481): IC_EPC_Tracking->send_paused_checkin(Array, true)
#2 [internal function]: IC_EPC_Tracking->fatal()
#3 {main}
  thrown in /workspaces/UX221Assignment3/.wordpress/wp-content/plugins/ecommerce-product-catalog/includes/tracking.php on line 117
[13-Mar-2025 00:15:09 UTC] PHP Fatal error:  Out of memory (allocated 29360128) (tried to allocate 2097152 bytes) in /workspaces/UX221Assignment3/.wordpress/wp-content/plugins/ecommerce-product-catalog/includes/extensions.php on line 1023
[13-Mar-2025 00:15:09 UTC] PHP Fatal error:  Out of memory (allocated 29360128) (tried to allocate 184320 bytes) in /workspaces/UX221Assignment3/.wordpress/wp-includes/pluggable.php on line 251
[13-Mar-2025 00:15:10 UTC] PHP Fatal error:  Out of memory (allocated 29360128) (tried to allocate 2097152 bytes) in /workspaces/UX221Assignment3/.wordpress/wp-content/plugins/ecommerce-product-catalog/includes/product-filters.php on line 41
[13-Mar-2025 00:15:10 UTC] PHP Fatal error:  Uncaught Error: Call to undefined function ic_products_count() in /workspaces/UX221Assignment3/.wordpress/wp-content/plugins/ecommerce-product-catalog/includes/tracking.php:117
Stack trace:
#0 /workspaces/UX221Assignment3/.wordpress/wp-content/plugins/ecommerce-product-catalog/includes/tracking.php(551): IC_EPC_Tracking->setup_data()
#1 /workspaces/UX221Assignment3/.wordpress/wp-content/plugins/ecommerce-product-catalog/includes/tracking.php(481): IC_EPC_Tracking->send_paused_checkin(Array, true)
#2 [internal function]: IC_EPC_Tracking->fatal()
#3 {main}
  thrown in /workspaces/UX221Assignment3/.wordpress/wp-content/plugins/ecommerce-product-catalog/includes/tracking.php on line 117
[13-Mar-2025 00:23:31 UTC] PHP Warning:  Undefined variable $parent_theme_name in /workspaces/UX221Assignment3/.wordpress/wp-content/mu-plugins/one-click-child-theme/templates/create_child_form.php on line 18
